# JRE version: Java(TM) SE Runtime Environment (8.0_171-b11) (build 1.8.0_171-b11)
# Java VM: Java HotSpot(TM) 64-Bit Server VM (25.171-b11 mixed mode windows-amd64 )
Heap:
 PSYoungGen      total 2678272K, used 1384237K [0x0000000dd5580000, 0x0000000ead100000, 0x0000001480000000)
  eden space 2186240K, 44% used [0x0000000dd5580000,0x0000000e11386f90,0x0000000e5ac80000)
  from space 492032K, 81% used [0x0000000e7d200000,0x0000000e95bc4480,0x0000000e9b280000)
  to   space 562688K, 0% used [0x0000000e5ac80000,0x0000000e5ac80000,0x0000000e7d200000)
 ParOldGen       total 2796544K, used 554714K [0x0000000080000000, 0x000000012ab00000, 0x0000000dd5580000)
  object space 2796544K, 19% used [0x0000000080000000,0x00000000a1db6b60,0x000000012ab00000)
 Metaspace       used 22807K, capacity 23374K, committed 23552K, reserved 24576K
GC Heap History (10 events):
Event: 23.820 GC heap before
{Heap before GC invocations=3 (full 1):
 PSYoungGen      total 1223168K, used 174591K [0x0000000dd5580000, 0x0000000e6aa80000, 0x0000001480000000)
  eden space 1048576K, 0% used [0x0000000dd5580000,0x0000000dd5580000,0x0000000e15580000)
  from space 174592K, 99% used [0x0000000e20000000,0x0000000e2aa7fff8,0x0000000e2aa80000)
  to   space 174592K, 0% used [0x0000000e15580000,0x0000000e15580000,0x0000000e20000000)
 ParOldGen       total 2796544K, used 312521K [0x0000000080000000, 0x000000012ab00000, 0x0000000dd5580000)
  object space 2796544K, 11% used [0x0000000080000000,0x00000000931325d8,0x000000012ab00000)
 Metaspace       used 20684K, capacity 21217K, committed 21296K, reserved 22528K
Event: 24.270 GC heap after
Heap after GC invocations=3 (full 1):
 PSYoungGen      total 1223168K, used 0K [0x0000000dd5580000, 0x0000000e6aa80000, 0x0000001480000000)
  eden space 1048576K, 0% used [0x0000000dd5580000,0x0000000dd5580000,0x0000000e15580000)
  from space 174592K, 0% used [0x0000000e20000000,0x0000000e20000000,0x0000000e2aa80000)
  to   space 174592K, 0% used [0x0000000e15580000,0x0000000e15580000,0x0000000e20000000)
 ParOldGen       total 2796544K, used 486597K [0x0000000080000000, 0x000000012ab00000, 0x0000000dd5580000)
  object space 2796544K, 17% used [0x0000000080000000,0x000000009db31740,0x000000012ab00000)
 Metaspace       used 20684K, capacity 21217K, committed 21296K, reserved 22528K
}
Event: 25.700 GC heap before
{Heap before GC invocations=4 (full 1):
 PSYoungGen      total 1223168K, used 1048576K [0x0000000dd5580000, 0x0000000e6aa80000, 0x0000001480000000)
  eden space 1048576K, 100% used [0x0000000dd5580000,0x0000000e15580000,0x0000000e15580000)
  from space 174592K, 0% used [0x0000000e20000000,0x0000000e20000000,0x0000000e2aa80000)
  to   space 174592K, 0% used [0x0000000e15580000,0x0000000e15580000,0x0000000e20000000)
 ParOldGen       total 2796544K, used 486597K [0x0000000080000000, 0x000000012ab00000, 0x0000000dd5580000)
  object space 2796544K, 17% used [0x0000000080000000,0x000000009db31740,0x000000012ab00000)
 Metaspace       used 21498K, capacity 22084K, committed 22320K, reserved 22528K
Event: 25.716 GC heap after
Heap after GC invocations=4 (full 1):
 PSYoungGen      total 1223168K, used 36419K [0x0000000dd5580000, 0x0000000e40380000, 0x0000001480000000)
  eden space 1048576K, 0% used [0x0000000dd5580000,0x0000000dd5580000,0x0000000e15580000)
  from space 174592K, 20% used [0x0000000e15580000,0x0000000e17910d40,0x0000000e20000000)
  to   space 174592K, 0% used [0x0000000e35900000,0x0000000e35900000,0x0000000e40380000)
 ParOldGen       total 2796544K, used 486597K [0x0000000080000000, 0x000000012ab00000, 0x0000000dd5580000)
  object space 2796544K, 17% used [0x0000000080000000,0x000000009db31740,0x000000012ab00000)
 Metaspace       used 21498K, capacity 22084K, committed 22320K, reserved 22528K
}
Event: 26.941 GC heap before
{Heap before GC invocations=5 (full 1):
 PSYoungGen      total 1223168K, used 1084995K [0x0000000dd5580000, 0x0000000e40380000, 0x0000001480000000)
  eden space 1048576K, 100% used [0x0000000dd5580000,0x0000000e15580000,0x0000000e15580000)
  from space 174592K, 20% used [0x0000000e15580000,0x0000000e17910d40,0x0000000e20000000)
  to   space 174592K, 0% used [0x0000000e35900000,0x0000000e35900000,0x0000000e40380000)
 ParOldGen       total 2796544K, used 486597K [0x0000000080000000, 0x000000012ab00000, 0x0000000dd5580000)
  object space 2796544K, 17% used [0x0000000080000000,0x000000009db31740,0x000000012ab00000)
 Metaspace       used 21517K, capacity 22084K, committed 22320K, reserved 22528K
Event: 26.991 GC heap after
Heap after GC invocations=5 (full 1):
 PSYoungGen      total 1576448K, used 96684K [0x0000000dd5580000, 0x0000000e49080000, 0x0000001480000000)
  eden space 1401856K, 0% used [0x0000000dd5580000,0x0000000dd5580000,0x0000000e2ae80000)
  from space 174592K, 55% used [0x0000000e35900000,0x0000000e3b76b2c0,0x0000000e40380000)
  to   space 174592K, 0% used [0x0000000e2ae80000,0x0000000e2ae80000,0x0000000e35900000)
 ParOldGen       total 2796544K, used 486597K [0x0000000080000000, 0x000000012ab00000, 0x0000000dd5580000)
  object space 2796544K, 17% used [0x0000000080000000,0x000000009db31740,0x000000012ab00000)
 Metaspace       used 21517K, capacity 22084K, committed 22320K, reserved 22528K
}
Event: 29.262 GC heap before
{Heap before GC invocations=6 (full 1):
 PSYoungGen      total 1576448K, used 1498540K [0x0000000dd5580000, 0x0000000e49080000, 0x0000001480000000)
  eden space 1401856K, 100% used [0x0000000dd5580000,0x0000000e2ae80000,0x0000000e2ae80000)
  from space 174592K, 55% used [0x0000000e35900000,0x0000000e3b76b2c0,0x0000000e40380000)
  to   space 174592K, 0% used [0x0000000e2ae80000,0x0000000e2ae80000,0x0000000e35900000)
 ParOldGen       total 2796544K, used 486597K [0x0000000080000000, 0x000000012ab00000, 0x0000000dd5580000)
  object space 2796544K, 17% used [0x0000000080000000,0x000000009db31740,0x000000012ab00000)
 Metaspace       used 21629K, capacity 22148K, committed 22320K, reserved 22528K
Event: 29.462 GC heap after
Heap after GC invocations=6 (full 1):
 PSYoungGen      total 1576448K, used 174566K [0x0000000dd5580000, 0x0000000e9b280000, 0x0000001480000000)
  eden space 1401856K, 0% used [0x0000000dd5580000,0x0000000dd5580000,0x0000000e2ae80000)
  from space 174592K, 99% used [0x0000000e2ae80000,0x0000000e358f9b60,0x0000000e35900000)
  to   space 492032K, 0% used [0x0000000e7d200000,0x0000000e7d200000,0x0000000e9b280000)
 ParOldGen       total 2796544K, used 554714K [0x0000000080000000, 0x000000012ab00000, 0x0000000dd5580000)
  object space 2796544K, 19% used [0x0000000080000000,0x00000000a1db6b60,0x000000012ab00000)
 Metaspace       used 21629K, capacity 22148K, committed 22320K, reserved 22528K
}
Event: 31.688 GC heap before
{Heap before GC invocations=7 (full 1):
 PSYoungGen      total 1576448K, used 1576422K [0x0000000dd5580000, 0x0000000e9b280000, 0x0000001480000000)
  eden space 1401856K, 100% used [0x0000000dd5580000,0x0000000e2ae80000,0x0000000e2ae80000)
  from space 174592K, 99% used [0x0000000e2ae80000,0x0000000e358f9b60,0x0000000e35900000)
  to   space 492032K, 0% used [0x0000000e7d200000,0x0000000e7d200000,0x0000000e9b280000)
 ParOldGen       total 2796544K, used 554714K [0x0000000080000000, 0x000000012ab00000, 0x0000000dd5580000)
  object space 2796544K, 19% used [0x0000000080000000,0x00000000a1db6b60,0x000000012ab00000)
 Metaspace       used 21631K, capacity 22148K, committed 22320K, reserved 22528K
Event: 31.948 GC heap after
Heap after GC invocations=7 (full 1):
 PSYoungGen      total 2678272K, used 403217K [0x0000000dd5580000, 0x0000000ead100000, 0x0000001480000000)
  eden space 2186240K, 0% used [0x0000000dd5580000,0x0000000dd5580000,0x0000000e5ac80000)
  from space 492032K, 81% used [0x0000000e7d200000,0x0000000e95bc4480,0x0000000e9b280000)
  to   space 562688K, 0% used [0x0000000e5ac80000,0x0000000e5ac80000,0x0000000e7d200000)
 ParOldGen       total 2796544K, used 554714K [0x0000000080000000, 0x000000012ab00000, 0x0000000dd5580000)
  object space 2796544K, 19% used [0x0000000080000000,0x00000000a1db6b60,0x000000012ab00000)
 Metaspace       used 21631K, capacity 22148K, committed 22320K, reserved 22528K
}

