# JRE version: Java(TM) SE Runtime Environment (8.0_171-b11) (build 1.8.0_171-b11)
# Java VM: Java HotSpot(TM) 64-Bit Server VM (25.171-b11 mixed mode windows-amd64 )
Heap:
 PSYoungGen      total 2674688K, used 789976K [0x0000000dd5580000, 0x0000000f24800000, 0x0000001480000000)
  eden space 2126336K, 11% used [0x0000000dd5580000,0x0000000de4176cf8,0x0000000e57200000)
  from space 548352K, 99% used [0x0000000e57200000,0x0000000e7897f690,0x0000000e78980000)
  to   space 902656K, 0% used [0x0000000eed680000,0x0000000eed680000,0x0000000f24800000)
 ParOldGen       total 2796544K, used 993423K [0x0000000080000000, 0x000000012ab00000, 0x0000000dd5580000)
  object space 2796544K, 35% used [0x0000000080000000,0x00000000bca23cc8,0x000000012ab00000)
 Metaspace       used 23564K, capacity 24093K, committed 24320K, reserved 24576K
GC Heap History (10 events):
Event: 26.984 GC heap before
{Heap before GC invocations=4 (full 1):
 PSYoungGen      total 1223168K, used 1048576K [0x0000000dd5580000, 0x0000000e6aa80000, 0x0000001480000000)
  eden space 1048576K, 100% used [0x0000000dd5580000,0x0000000e15580000,0x0000000e15580000)
  from space 174592K, 0% used [0x0000000e20000000,0x0000000e20000000,0x0000000e2aa80000)
  to   space 174592K, 0% used [0x0000000e15580000,0x0000000e15580000,0x0000000e20000000)
 ParOldGen       total 2796544K, used 486632K [0x0000000080000000, 0x000000012ab00000, 0x0000000dd5580000)
  object space 2796544K, 17% used [0x0000000080000000,0x000000009db3a1d0,0x000000012ab00000)
 Metaspace       used 21476K, capacity 22084K, committed 22320K, reserved 22528K
Event: 27.006 GC heap after
Heap after GC invocations=4 (full 1):
 PSYoungGen      total 1223168K, used 42458K [0x0000000dd5580000, 0x0000000e42300000, 0x0000001480000000)
  eden space 1048576K, 0% used [0x0000000dd5580000,0x0000000dd5580000,0x0000000e15580000)
  from space 174592K, 24% used [0x0000000e15580000,0x0000000e17ef6b00,0x0000000e20000000)
  to   space 174592K, 0% used [0x0000000e37880000,0x0000000e37880000,0x0000000e42300000)
 ParOldGen       total 2796544K, used 486632K [0x0000000080000000, 0x000000012ab00000, 0x0000000dd5580000)
  object space 2796544K, 17% used [0x0000000080000000,0x000000009db3a1d0,0x000000012ab00000)
 Metaspace       used 21476K, capacity 22084K, committed 22320K, reserved 22528K
}
Event: 27.827 GC heap before
{Heap before GC invocations=5 (full 1):
 PSYoungGen      total 1223168K, used 1091034K [0x0000000dd5580000, 0x0000000e42300000, 0x0000001480000000)
  eden space 1048576K, 100% used [0x0000000dd5580000,0x0000000e15580000,0x0000000e15580000)
  from space 174592K, 24% used [0x0000000e15580000,0x0000000e17ef6b00,0x0000000e20000000)
  to   space 174592K, 0% used [0x0000000e37880000,0x0000000e37880000,0x0000000e42300000)
 ParOldGen       total 2796544K, used 486632K [0x0000000080000000, 0x000000012ab00000, 0x0000000dd5580000)
  object space 2796544K, 17% used [0x0000000080000000,0x000000009db3a1d0,0x000000012ab00000)
 Metaspace       used 21476K, capacity 22084K, committed 22320K, reserved 22528K
Event: 27.850 GC heap after
Heap after GC invocations=5 (full 1):
 PSYoungGen      total 1608704K, used 46012K [0x0000000dd5580000, 0x0000000e47780000, 0x0000001480000000)
  eden space 1434112K, 0% used [0x0000000dd5580000,0x0000000dd5580000,0x0000000e2ce00000)
  from space 174592K, 26% used [0x0000000e37880000,0x0000000e3a56f3c0,0x0000000e42300000)
  to   space 174592K, 0% used [0x0000000e2ce00000,0x0000000e2ce00000,0x0000000e37880000)
 ParOldGen       total 2796544K, used 486640K [0x0000000080000000, 0x000000012ab00000, 0x0000000dd5580000)
  object space 2796544K, 17% used [0x0000000080000000,0x000000009db3c1d0,0x000000012ab00000)
 Metaspace       used 21476K, capacity 22084K, committed 22320K, reserved 22528K
}
Event: 31.608 GC heap before
{Heap before GC invocations=6 (full 1):
 PSYoungGen      total 1608704K, used 1480124K [0x0000000dd5580000, 0x0000000e47780000, 0x0000001480000000)
  eden space 1434112K, 100% used [0x0000000dd5580000,0x0000000e2ce00000,0x0000000e2ce00000)
  from space 174592K, 26% used [0x0000000e37880000,0x0000000e3a56f3c0,0x0000000e42300000)
  to   space 174592K, 0% used [0x0000000e2ce00000,0x0000000e2ce00000,0x0000000e37880000)
 ParOldGen       total 2796544K, used 486640K [0x0000000080000000, 0x000000012ab00000, 0x0000000dd5580000)
  object space 2796544K, 17% used [0x0000000080000000,0x000000009db3c1d0,0x000000012ab00000)
 Metaspace       used 21511K, capacity 22084K, committed 22320K, reserved 22528K
Event: 31.740 GC heap after
Heap after GC invocations=6 (full 1):
 PSYoungGen      total 1608704K, used 174578K [0x0000000dd5580000, 0x0000000e96b80000, 0x0000001480000000)
  eden space 1434112K, 0% used [0x0000000dd5580000,0x0000000dd5580000,0x0000000e2ce00000)
  from space 174592K, 99% used [0x0000000e2ce00000,0x0000000e3787ca80,0x0000000e37880000)
  to   space 493568K, 0% used [0x0000000e78980000,0x0000000e78980000,0x0000000e96b80000)
 ParOldGen       total 2796544K, used 530839K [0x0000000080000000, 0x000000012ab00000, 0x0000000dd5580000)
  object space 2796544K, 18% used [0x0000000080000000,0x00000000a0665ef0,0x000000012ab00000)
 Metaspace       used 21511K, capacity 22084K, committed 22320K, reserved 22528K
}
Event: 34.571 GC heap before
{Heap before GC invocations=7 (full 1):
 PSYoungGen      total 1608704K, used 1608690K [0x0000000dd5580000, 0x0000000e96b80000, 0x0000001480000000)
  eden space 1434112K, 100% used [0x0000000dd5580000,0x0000000e2ce00000,0x0000000e2ce00000)
  from space 174592K, 99% used [0x0000000e2ce00000,0x0000000e3787ca80,0x0000000e37880000)
  to   space 493568K, 0% used [0x0000000e78980000,0x0000000e78980000,0x0000000e96b80000)
 ParOldGen       total 2796544K, used 530839K [0x0000000080000000, 0x000000012ab00000, 0x0000000dd5580000)
  object space 2796544K, 18% used [0x0000000080000000,0x00000000a0665ef0,0x000000012ab00000)
 Metaspace       used 21561K, capacity 22084K, committed 22320K, reserved 22528K
Event: 34.758 GC heap after
Heap after GC invocations=7 (full 1):
 PSYoungGen      total 2619904K, used 365180K [0x0000000dd5580000, 0x0000000ea6e80000, 0x0000001480000000)
  eden space 2126336K, 0% used [0x0000000dd5580000,0x0000000dd5580000,0x0000000e57200000)
  from space 493568K, 73% used [0x0000000e78980000,0x0000000e8ee1f360,0x0000000e96b80000)
  to   space 548352K, 0% used [0x0000000e57200000,0x0000000e57200000,0x0000000e78980000)
 ParOldGen       total 2796544K, used 530839K [0x0000000080000000, 0x000000012ab00000, 0x0000000dd5580000)
  object space 2796544K, 18% used [0x0000000080000000,0x00000000a0665ef0,0x000000012ab00000)
 Metaspace       used 21561K, capacity 22084K, committed 22320K, reserved 22528K
}
Event: 38.246 GC heap before
{Heap before GC invocations=8 (full 1):
 PSYoungGen      total 2619904K, used 2491516K [0x0000000dd5580000, 0x0000000ea6e80000, 0x0000001480000000)
  eden space 2126336K, 100% used [0x0000000dd5580000,0x0000000e57200000,0x0000000e57200000)
  from space 493568K, 73% used [0x0000000e78980000,0x0000000e8ee1f360,0x0000000e96b80000)
  to   space 548352K, 0% used [0x0000000e57200000,0x0000000e57200000,0x0000000e78980000)
 ParOldGen       total 2796544K, used 530839K [0x0000000080000000, 0x000000012ab00000, 0x0000000dd5580000)
  object space 2796544K, 18% used [0x0000000080000000,0x00000000a0665ef0,0x000000012ab00000)
 Metaspace       used 21770K, capacity 22286K, committed 22320K, reserved 22528K
Event: 38.653 GC heap after
Heap after GC invocations=8 (full 1):
 PSYoungGen      total 2674688K, used 548349K [0x0000000dd5580000, 0x0000000f24800000, 0x0000001480000000)
  eden space 2126336K, 0% used [0x0000000dd5580000,0x0000000dd5580000,0x0000000e57200000)
  from space 548352K, 99% used [0x0000000e57200000,0x0000000e7897f690,0x0000000e78980000)
  to   space 902656K, 0% used [0x0000000eed680000,0x0000000eed680000,0x0000000f24800000)
 ParOldGen       total 2796544K, used 993423K [0x0000000080000000, 0x000000012ab00000, 0x0000000dd5580000)
  object space 2796544K, 35% used [0x0000000080000000,0x00000000bca23cc8,0x000000012ab00000)
 Metaspace       used 21770K, capacity 22286K, committed 22320K, reserved 22528K
}

