# JRE version: Java(TM) SE Runtime Environment (8.0_171-b11) (build 1.8.0_171-b11)
# Java VM: Java HotSpot(TM) 64-Bit Server VM (25.171-b11 mixed mode windows-amd64 )
Heap:
 PSYoungGen      total 5429760K, used 4885682K [0x0000000dd5580000, 0x0000000f30980000, 0x0000001480000000)
  eden space 5170176K, 94% used [0x0000000dd5580000,0x0000000eff00c988,0x0000000f10e80000)
  from space 259584K, 3% used [0x0000000f10e80000,0x0000000f11720000,0x0000000f20c00000)
  to   space 207872K, 0% used [0x0000000f23e80000,0x0000000f23e80000,0x0000000f30980000)
 ParOldGen       total 8262656K, used 6546913K [0x0000000080000000, 0x0000000278500000, 0x0000000dd5580000)
  object space 8262656K, 79% used [0x0000000080000000,0x000000020f9784d8,0x0000000278500000)
 Metaspace       used 21988K, capacity 22462K, committed 22528K, reserved 22528K
GC Heap History (10 events):
Event: 927.465 GC heap before
{Heap before GC invocations=52 (full 2):
 PSYoungGen      total 5378048K, used 5178144K [0x0000000dd5580000, 0x0000000f30980000, 0x0000001480000000)
  eden space 5170176K, 100% used [0x0000000dd5580000,0x0000000f10e80000,0x0000000f10e80000)
  from space 207872K, 3% used [0x0000000f23e80000,0x0000000f24648000,0x0000000f30980000)
  to   space 259584K, 0% used [0x0000000f10e80000,0x0000000f10e80000,0x0000000f20c00000)
 ParOldGen       total 8262656K, used 6544281K [0x0000000080000000, 0x0000000278500000, 0x0000000dd5580000)
  object space 8262656K, 79% used [0x0000000080000000,0x000000020f6e64d8,0x0000000278500000)
 Metaspace       used 18516K, capacity 18986K, committed 19200K, reserved 20480K
Event: 927.663 GC heap after
Heap after GC invocations=52 (full 2):
 PSYoungGen      total 5429760K, used 7776K [0x0000000dd5580000, 0x0000000f30980000, 0x0000001480000000)
  eden space 5170176K, 0% used [0x0000000dd5580000,0x0000000dd5580000,0x0000000f10e80000)
  from space 259584K, 2% used [0x0000000f10e80000,0x0000000f11618000,0x0000000f20c00000)
  to   space 207872K, 0% used [0x0000000f23e80000,0x0000000f23e80000,0x0000000f30980000)
 ParOldGen       total 8262656K, used 6545017K [0x0000000080000000, 0x0000000278500000, 0x0000000dd5580000)
  object space 8262656K, 79% used [0x0000000080000000,0x000000020f79e4d8,0x0000000278500000)
 Metaspace       used 18516K, capacity 18986K, committed 19200K, reserved 20480K
}
Event: 932.534 GC heap before
{Heap before GC invocations=53 (full 2):
 PSYoungGen      total 5429760K, used 5177952K [0x0000000dd5580000, 0x0000000f30980000, 0x0000001480000000)
  eden space 5170176K, 100% used [0x0000000dd5580000,0x0000000f10e80000,0x0000000f10e80000)
  from space 259584K, 2% used [0x0000000f10e80000,0x0000000f11618000,0x0000000f20c00000)
  to   space 207872K, 0% used [0x0000000f23e80000,0x0000000f23e80000,0x0000000f30980000)
 ParOldGen       total 8262656K, used 6545017K [0x0000000080000000, 0x0000000278500000, 0x0000000dd5580000)
  object space 8262656K, 79% used [0x0000000080000000,0x000000020f79e4d8,0x0000000278500000)
 Metaspace       used 18516K, capacity 18986K, committed 19200K, reserved 20480K
Event: 932.757 GC heap after
Heap after GC invocations=53 (full 2):
 PSYoungGen      total 5378048K, used 7936K [0x0000000dd5580000, 0x0000000f30980000, 0x0000001480000000)
  eden space 5170176K, 0% used [0x0000000dd5580000,0x0000000dd5580000,0x0000000f10e80000)
  from space 207872K, 3% used [0x0000000f23e80000,0x0000000f24640000,0x0000000f30980000)
  to   space 259584K, 0% used [0x0000000f10e80000,0x0000000f10e80000,0x0000000f20c00000)
 ParOldGen       total 8262656K, used 6545593K [0x0000000080000000, 0x0000000278500000, 0x0000000dd5580000)
  object space 8262656K, 79% used [0x0000000080000000,0x000000020f82e4d8,0x0000000278500000)
 Metaspace       used 18516K, capacity 18986K, committed 19200K, reserved 20480K
}
Event: 945.302 GC heap before
{Heap before GC invocations=54 (full 2):
 PSYoungGen      total 5378048K, used 5178112K [0x0000000dd5580000, 0x0000000f30980000, 0x0000001480000000)
  eden space 5170176K, 100% used [0x0000000dd5580000,0x0000000f10e80000,0x0000000f10e80000)
  from space 207872K, 3% used [0x0000000f23e80000,0x0000000f24640000,0x0000000f30980000)
  to   space 259584K, 0% used [0x0000000f10e80000,0x0000000f10e80000,0x0000000f20c00000)
 ParOldGen       total 8262656K, used 6545593K [0x0000000080000000, 0x0000000278500000, 0x0000000dd5580000)
  object space 8262656K, 79% used [0x0000000080000000,0x000000020f82e4d8,0x0000000278500000)
 Metaspace       used 18516K, capacity 18986K, committed 19200K, reserved 20480K
Event: 945.583 GC heap after
Heap after GC invocations=54 (full 2):
 PSYoungGen      total 5429760K, used 8768K [0x0000000dd5580000, 0x0000000f30980000, 0x0000001480000000)
  eden space 5170176K, 0% used [0x0000000dd5580000,0x0000000dd5580000,0x0000000f10e80000)
  from space 259584K, 3% used [0x0000000f10e80000,0x0000000f11710000,0x0000000f20c00000)
  to   space 207872K, 0% used [0x0000000f23e80000,0x0000000f23e80000,0x0000000f30980000)
 ParOldGen       total 8262656K, used 6545849K [0x0000000080000000, 0x0000000278500000, 0x0000000dd5580000)
  object space 8262656K, 79% used [0x0000000080000000,0x000000020f86e4d8,0x0000000278500000)
 Metaspace       used 18516K, capacity 18986K, committed 19200K, reserved 20480K
}
Event: 962.344 GC heap before
{Heap before GC invocations=55 (full 2):
 PSYoungGen      total 5429760K, used 5178944K [0x0000000dd5580000, 0x0000000f30980000, 0x0000001480000000)
  eden space 5170176K, 100% used [0x0000000dd5580000,0x0000000f10e80000,0x0000000f10e80000)
  from space 259584K, 3% used [0x0000000f10e80000,0x0000000f11710000,0x0000000f20c00000)
  to   space 207872K, 0% used [0x0000000f23e80000,0x0000000f23e80000,0x0000000f30980000)
 ParOldGen       total 8262656K, used 6545849K [0x0000000080000000, 0x0000000278500000, 0x0000000dd5580000)
  object space 8262656K, 79% used [0x0000000080000000,0x000000020f86e4d8,0x0000000278500000)
 Metaspace       used 18516K, capacity 18986K, committed 19200K, reserved 20480K
Event: 962.724 GC heap after
Heap after GC invocations=55 (full 2):
 PSYoungGen      total 5378048K, used 8672K [0x0000000dd5580000, 0x0000000f30980000, 0x0000001480000000)
  eden space 5170176K, 0% used [0x0000000dd5580000,0x0000000dd5580000,0x0000000f10e80000)
  from space 207872K, 4% used [0x0000000f23e80000,0x0000000f246f8000,0x0000000f30980000)
  to   space 259584K, 0% used [0x0000000f10e80000,0x0000000f10e80000,0x0000000f20c00000)
 ParOldGen       total 8262656K, used 6546329K [0x0000000080000000, 0x0000000278500000, 0x0000000dd5580000)
  object space 8262656K, 79% used [0x0000000080000000,0x000000020f8e64d8,0x0000000278500000)
 Metaspace       used 18516K, capacity 18986K, committed 19200K, reserved 20480K
}
Event: 975.475 GC heap before
{Heap before GC invocations=56 (full 2):
 PSYoungGen      total 5378048K, used 5178848K [0x0000000dd5580000, 0x0000000f30980000, 0x0000001480000000)
  eden space 5170176K, 100% used [0x0000000dd5580000,0x0000000f10e80000,0x0000000f10e80000)
  from space 207872K, 4% used [0x0000000f23e80000,0x0000000f246f8000,0x0000000f30980000)
  to   space 259584K, 0% used [0x0000000f10e80000,0x0000000f10e80000,0x0000000f20c00000)
 ParOldGen       total 8262656K, used 6546329K [0x0000000080000000, 0x0000000278500000, 0x0000000dd5580000)
  object space 8262656K, 79% used [0x0000000080000000,0x000000020f8e64d8,0x0000000278500000)
 Metaspace       used 18516K, capacity 18986K, committed 19200K, reserved 20480K
Event: 975.819 GC heap after
Heap after GC invocations=56 (full 2):
 PSYoungGen      total 5429760K, used 8832K [0x0000000dd5580000, 0x0000000f30980000, 0x0000001480000000)
  eden space 5170176K, 0% used [0x0000000dd5580000,0x0000000dd5580000,0x0000000f10e80000)
  from space 259584K, 3% used [0x0000000f10e80000,0x0000000f11720000,0x0000000f20c00000)
  to   space 207872K, 0% used [0x0000000f23e80000,0x0000000f23e80000,0x0000000f30980000)
 ParOldGen       total 8262656K, used 6546913K [0x0000000080000000, 0x0000000278500000, 0x0000000dd5580000)
  object space 8262656K, 79% used [0x0000000080000000,0x000000020f9784d8,0x0000000278500000)
 Metaspace       used 18516K, capacity 18986K, committed 19200K, reserved 20480K
}

