# JRE version: Java(TM) SE Runtime Environment (8.0_171-b11) (build 1.8.0_171-b11)
# Java VM: Java HotSpot(TM) 64-Bit Server VM (25.171-b11 mixed mode windows-amd64 compressed oops)
Heap:
 PSYoungGen      total 735744K, used 316176K [0x000000076b500000, 0x00000007b7d00000, 0x00000007c0000000)
  eden space 555520K, 24% used [0x000000076b500000,0x0000000773c125a8,0x000000078d380000)
  from space 180224K, 98% used [0x000000079eb00000,0x00000007a98b1e10,0x00000007a9b00000)
  to   space 286208K, 0% used [0x000000078d380000,0x000000078d380000,0x000000079eb00000)
 ParOldGen       total 1200128K, used 770081K [0x00000006c1e00000, 0x000000070b200000, 0x000000076b500000)
  object space 1200128K, 64% used [0x00000006c1e00000,0x00000006f0e08560,0x000000070b200000)
 Metaspace       used 23545K, capacity 23944K, committed 24192K, reserved 1071104K
  class space    used 2552K, capacity 2670K, committed 2688K, reserved 1048576K
GC Heap History (10 events):
Event: 29.863 GC heap before
{Heap before GC invocations=17 (full 1):
 PSYoungGen      total 584704K, used 584700K [0x000000076b500000, 0x00000007a1280000, 0x00000007c0000000)
  eden space 487936K, 100% used [0x000000076b500000,0x0000000789180000,0x0000000789180000)
  from space 96768K, 99% used [0x0000000789180000,0x000000078efff280,0x000000078f000000)
  to   space 139776K, 0% used [0x0000000798a00000,0x0000000798a00000,0x00000007a1280000)
 ParOldGen       total 436224K, used 348280K [0x00000006c1e00000, 0x00000006dc800000, 0x000000076b500000)
  object space 436224K, 79% used [0x00000006c1e00000,0x00000006d721e238,0x00000006dc800000)
 Metaspace       used 21629K, capacity 22012K, committed 22272K, reserved 1069056K
  class space    used 2329K, capacity 2476K, committed 2560K, reserved 1048576K
Event: 29.983 GC heap after
Heap after GC invocations=17 (full 1):
 PSYoungGen      total 724992K, used 122461K [0x000000076b500000, 0x00000007a9080000, 0x00000007c0000000)
  eden space 585216K, 0% used [0x000000076b500000,0x000000076b500000,0x000000078f080000)
  from space 139776K, 87% used [0x0000000798a00000,0x00000007a01975f8,0x00000007a1280000)
  to   space 157184K, 0% used [0x000000078f080000,0x000000078f080000,0x0000000798a00000)
 ParOldGen       total 445952K, used 445376K [0x00000006c1e00000, 0x00000006dd180000, 0x000000076b500000)
  object space 445952K, 99% used [0x00000006c1e00000,0x00000006dd0f01c8,0x00000006dd180000)
 Metaspace       used 21629K, capacity 22012K, committed 22272K, reserved 1069056K
  class space    used 2329K, capacity 2476K, committed 2560K, reserved 1048576K
}
Event: 29.983 GC heap before
{Heap before GC invocations=18 (full 2):
 PSYoungGen      total 724992K, used 122461K [0x000000076b500000, 0x00000007a9080000, 0x00000007c0000000)
  eden space 585216K, 0% used [0x000000076b500000,0x000000076b500000,0x000000078f080000)
  from space 139776K, 87% used [0x0000000798a00000,0x00000007a01975f8,0x00000007a1280000)
  to   space 157184K, 0% used [0x000000078f080000,0x000000078f080000,0x0000000798a00000)
 ParOldGen       total 445952K, used 445376K [0x00000006c1e00000, 0x00000006dd180000, 0x000000076b500000)
  object space 445952K, 99% used [0x00000006c1e00000,0x00000006dd0f01c8,0x00000006dd180000)
 Metaspace       used 21629K, capacity 22012K, committed 22272K, reserved 1069056K
  class space    used 2329K, capacity 2476K, committed 2560K, reserved 1048576K
Event: 31.109 GC heap after
Heap after GC invocations=18 (full 2):
 PSYoungGen      total 724992K, used 119557K [0x000000076b500000, 0x00000007a9080000, 0x00000007c0000000)
  eden space 585216K, 0% used [0x000000076b500000,0x000000076b500000,0x000000078f080000)
  from space 139776K, 85% used [0x0000000798a00000,0x000000079fec14f0,0x00000007a1280000)
  to   space 157184K, 0% used [0x000000078f080000,0x000000078f080000,0x0000000798a00000)
 ParOldGen       total 724992K, used 445887K [0x00000006c1e00000, 0x00000006ee200000, 0x000000076b500000)
  object space 724992K, 61% used [0x00000006c1e00000,0x00000006dd16fdc8,0x00000006ee200000)
 Metaspace       used 21629K, capacity 22012K, committed 22272K, reserved 1069056K
  class space    used 2329K, capacity 2476K, committed 2560K, reserved 1048576K
}
Event: 32.848 GC heap before
{Heap before GC invocations=19 (full 2):
 PSYoungGen      total 724992K, used 704773K [0x000000076b500000, 0x00000007a9080000, 0x00000007c0000000)
  eden space 585216K, 100% used [0x000000076b500000,0x000000078f080000,0x000000078f080000)
  from space 139776K, 85% used [0x0000000798a00000,0x000000079fec14f0,0x00000007a1280000)
  to   space 157184K, 0% used [0x000000078f080000,0x000000078f080000,0x0000000798a00000)
 ParOldGen       total 724992K, used 445887K [0x00000006c1e00000, 0x00000006ee200000, 0x000000076b500000)
  object space 724992K, 61% used [0x00000006c1e00000,0x00000006dd16fdc8,0x00000006ee200000)
 Metaspace       used 21651K, capacity 22012K, committed 22272K, reserved 1069056K
  class space    used 2332K, capacity 2476K, committed 2560K, reserved 1048576K
Event: 33.028 GC heap after
Heap after GC invocations=19 (full 2):
 PSYoungGen      total 742400K, used 146904K [0x000000076b500000, 0x00000007a9b00000, 0x00000007c0000000)
  eden space 585216K, 0% used [0x000000076b500000,0x000000076b500000,0x000000078f080000)
  from space 157184K, 93% used [0x000000078f080000,0x0000000797ff6198,0x0000000798a00000)
  to   space 180224K, 0% used [0x000000079eb00000,0x000000079eb00000,0x00000007a9b00000)
 ParOldGen       total 724992K, used 566202K [0x00000006c1e00000, 0x00000006ee200000, 0x000000076b500000)
  object space 724992K, 78% used [0x00000006c1e00000,0x00000006e46eea38,0x00000006ee200000)
 Metaspace       used 21651K, capacity 22012K, committed 22272K, reserved 1069056K
  class space    used 2332K, capacity 2476K, committed 2560K, reserved 1048576K
}
Event: 34.399 GC heap before
{Heap before GC invocations=20 (full 2):
 PSYoungGen      total 742400K, used 732120K [0x000000076b500000, 0x00000007a9b00000, 0x00000007c0000000)
  eden space 585216K, 100% used [0x000000076b500000,0x000000078f080000,0x000000078f080000)
  from space 157184K, 93% used [0x000000078f080000,0x0000000797ff6198,0x0000000798a00000)
  to   space 180224K, 0% used [0x000000079eb00000,0x000000079eb00000,0x00000007a9b00000)
 ParOldGen       total 724992K, used 566202K [0x00000006c1e00000, 0x00000006ee200000, 0x000000076b500000)
  object space 724992K, 78% used [0x00000006c1e00000,0x00000006e46eea38,0x00000006ee200000)
 Metaspace       used 21652K, capacity 22076K, committed 22272K, reserved 1069056K
  class space    used 2332K, capacity 2476K, committed 2560K, reserved 1048576K
Event: 34.576 GC heap after
Heap after GC invocations=20 (full 2):
 PSYoungGen      total 735744K, used 180219K [0x000000076b500000, 0x00000007b7d00000, 0x00000007c0000000)
  eden space 555520K, 0% used [0x000000076b500000,0x000000076b500000,0x000000078d380000)
  from space 180224K, 99% used [0x000000079eb00000,0x00000007a9afed98,0x00000007a9b00000)
  to   space 286208K, 0% used [0x000000078d380000,0x000000078d380000,0x000000079eb00000)
 ParOldGen       total 770560K, used 770275K [0x00000006c1e00000, 0x00000006f0e80000, 0x000000076b500000)
  object space 770560K, 99% used [0x00000006c1e00000,0x00000006f0e38fa8,0x00000006f0e80000)
 Metaspace       used 21652K, capacity 22076K, committed 22272K, reserved 1069056K
  class space    used 2332K, capacity 2476K, committed 2560K, reserved 1048576K
}
Event: 34.576 GC heap before
{Heap before GC invocations=21 (full 3):
 PSYoungGen      total 735744K, used 180219K [0x000000076b500000, 0x00000007b7d00000, 0x00000007c0000000)
  eden space 555520K, 0% used [0x000000076b500000,0x000000076b500000,0x000000078d380000)
  from space 180224K, 99% used [0x000000079eb00000,0x00000007a9afed98,0x00000007a9b00000)
  to   space 286208K, 0% used [0x000000078d380000,0x000000078d380000,0x000000079eb00000)
 ParOldGen       total 770560K, used 770275K [0x00000006c1e00000, 0x00000006f0e80000, 0x000000076b500000)
  object space 770560K, 99% used [0x00000006c1e00000,0x00000006f0e38fa8,0x00000006f0e80000)
 Metaspace       used 21652K, capacity 22076K, committed 22272K, reserved 1069056K
  class space    used 2332K, capacity 2476K, committed 2560K, reserved 1048576K
Event: 36.316 GC heap after
Heap after GC invocations=21 (full 3):
 PSYoungGen      total 735744K, used 177863K [0x000000076b500000, 0x00000007b7d00000, 0x00000007c0000000)
  eden space 555520K, 0% used [0x000000076b500000,0x000000076b500000,0x000000078d380000)
  from space 180224K, 98% used [0x000000079eb00000,0x00000007a98b1e10,0x00000007a9b00000)
  to   space 286208K, 0% used [0x000000078d380000,0x000000078d380000,0x000000079eb00000)
 ParOldGen       total 1200128K, used 770081K [0x00000006c1e00000, 0x000000070b200000, 0x000000076b500000)
  object space 1200128K, 64% used [0x00000006c1e00000,0x00000006f0e08560,0x000000070b200000)
 Metaspace       used 21652K, capacity 22076K, committed 22272K, reserved 1069056K
  class space    used 2332K, capacity 2476K, committed 2560K, reserved 1048576K
}

